2025-12-24T08:46:03.187Z [info]: MongoDB connected
2025-12-24T08:46:03.204Z [info]: Server running on port 8000
2025-12-24T08:51:29.805Z [info]: MongoDB connected
2025-12-24T08:51:29.818Z [info]: Server running on port 8000
2025-12-24T09:10:04.666Z [info]: MongoDB connected
2025-12-24T09:10:04.673Z [info]: Server running on port 8000
2025-12-24T09:13:44.768Z [info]: MongoDB connected
2025-12-24T09:13:44.778Z [info]: Server running on port 8000
2025-12-24T09:14:41.447Z [info]: MongoDB connected
2025-12-24T09:14:41.454Z [info]: Server running on port 8080
2025-12-24T09:14:53.175Z [info]: MongoDB connected
2025-12-24T09:14:53.185Z [info]: Server running on port 8000
2025-12-24T09:19:49.412Z [info]: Incoming Request: GET /
2025-12-24T09:19:49.417Z [info]: ::ffff:10.212.182.150 GET / 404 2.858 ms - 39
2025-12-24T09:19:57.513Z [info]: Incoming Request: GET /api/health
2025-12-24T09:19:57.515Z [info]: ::ffff:10.212.182.150 GET /api/health 404 1.574 ms - 39
2025-12-24T09:20:26.260Z [info]: MongoDB connected
2025-12-24T09:20:26.265Z [info]: Server running on port 8000
2025-12-24T09:51:57.121Z [info]: MongoDB connected
2025-12-24T09:51:57.133Z [info]: Server running on port 8000
2025-12-24T09:54:24.877Z [info]: MongoDB connected
2025-12-24T09:54:24.882Z [info]: Server running on port 8000
2025-12-24T09:56:36.642Z [info]: Incoming Request: POST /auth/login-password
2025-12-24T09:56:36.642Z [info]: Request Body: {"phone":"49499919949","password":"***"}
2025-12-24T09:56:36.723Z [error]: Invalid credentials {"stack":"Error: Invalid credentials\n    at Object.loginWithPassword (/Users/hosanna/BYV-WORKS/Flim app/cpy-2/flimApp/backend/server/src/services/auth.service.js:44:17)\n    at process.processTicksAndRejections (node:internal/process/task_queues:103:5)\n    at async loginWithPassword (/Users/hosanna/BYV-WORKS/Flim app/cpy-2/flimApp/backend/server/src/controllers/auth.controller.js:55:20)"}
2025-12-24T09:56:36.725Z [info]: 10.212.182.239 POST /auth/login-password 401 82.777 ms - 49
2025-12-24T09:57:27.522Z [info]: Incoming Request: POST /auth/register
2025-12-24T09:57:27.522Z [info]: Request Body: {"name":"Testing","phone":"9876543210","password":"***","roles":["actor"],"industries":["tollywood"]}
2025-12-24T09:57:27.887Z [info]: 10.212.182.239 POST /auth/register 201 364.582 ms - 1021
2025-12-24T10:04:48.871Z [info]: Incoming Request: POST /auth/login-password
2025-12-24T10:04:48.871Z [info]: Request Body: {"phone":"9876543210","password":"***"}
2025-12-24T10:04:49.128Z [info]: 10.212.182.239 POST /auth/login-password 200 256.963 ms - 1062
2025-12-24T10:39:47.553Z [info]: Incoming Request: POST /auth/login-password
2025-12-24T10:39:47.554Z [info]: Request Body: {"phone":"9876543210","password":"***"}
2025-12-24T10:39:47.839Z [info]: 10.212.182.239 POST /auth/login-password 200 286.046 ms - 1062
